2025-11-12 19:08:19,749 INFO werkzeug [31m[1mWARNING: This is a development server. Do not use it in a production deployment. Use a production WSGI server instead.[0m
 * Running on all addresses (0.0.0.0)
 * Running on http://127.0.0.1:5000
 * Running on http://10.158.69.186:5000
2025-11-12 19:08:19,751 INFO werkzeug [33mPress CTRL+C to quit[0m
2025-11-12 19:08:43,976 INFO werkzeug 127.0.0.1 - - [12/Nov/2025 19:08:43] "GET / HTTP/1.1" 200 -
2025-11-12 19:08:51,330 INFO werkzeug 127.0.0.1 - - [12/Nov/2025 19:08:51] "GET /static/images/profile.jpg HTTP/1.1" 200 -
2025-11-12 19:08:53,936 INFO werkzeug 127.0.0.1 - - [12/Nov/2025 19:08:53] "[33mGET /favicon.ico HTTP/1.1[0m" 404 -
2025-11-12 19:09:15,242 ERROR app Exception on /contact [POST]
Traceback (most recent call last):
  File "C:\Users\choua\AppData\Local\Programs\Python\Python313\Lib\site-packages\wtforms\validators.py", line 401, in __call__
    import email_validator
ModuleNotFoundError: No module named 'email_validator'

The above exception was the direct cause of the following exception:

Traceback (most recent call last):
  File "C:\Users\choua\AppData\Local\Programs\Python\Python313\Lib\site-packages\flask\app.py", line 1511, in wsgi_app
    response = self.full_dispatch_request()
  File "C:\Users\choua\AppData\Local\Programs\Python\Python313\Lib\site-packages\flask\app.py", line 919, in full_dispatch_request
    rv = self.handle_user_exception(e)
  File "C:\Users\choua\AppData\Local\Programs\Python\Python313\Lib\site-packages\flask\app.py", line 917, in full_dispatch_request
    rv = self.dispatch_request()
  File "C:\Users\choua\AppData\Local\Programs\Python\Python313\Lib\site-packages\flask\app.py", line 902, in dispatch_request
    return self.ensure_sync(self.view_functions[rule.endpoint])(**view_args)  # type: ignore[no-any-return]
           ~~~~~~~~~~~~~~~~~~~~~~~~~~~~~~~~~~~~~~~~~~~~~~~~~~~~^^^^^^^^^^^^^
  File "C:\Users\choua\AppData\Local\Programs\Python\Python313\Lib\site-packages\flask_limiter\_limits.py", line 326, in __inner
    return cast(R, flask.current_app.ensure_sync(obj)(*a, **k))
                   ~~~~~~~~~~~~~~~~~~~~~~~~~~~~~~~~~~^^^^^^^^^
  File "e:\My portfoilo\app.py", line 198, in contact
    if form.validate_on_submit():
       ~~~~~~~~~~~~~~~~~~~~~~~^^
  File "C:\Users\choua\AppData\Local\Programs\Python\Python313\Lib\site-packages\flask_wtf\form.py", line 86, in validate_on_submit
    return self.is_submitted() and self.validate(extra_validators=extra_validators)
                                   ~~~~~~~~~~~~~^^^^^^^^^^^^^^^^^^^^^^^^^^^^^^^^^^^
  File "C:\Users\choua\AppData\Local\Programs\Python\Python313\Lib\site-packages\wtforms\form.py", line 330, in validate
    return super().validate(extra)
           ~~~~~~~~~~~~~~~~^^^^^^^
  File "C:\Users\choua\AppData\Local\Programs\Python\Python313\Lib\site-packages\wtforms\form.py", line 147, in validate
    if not field.validate(self, extra):
           ~~~~~~~~~~~~~~^^^^^^^^^^^^^
  File "C:\Users\choua\AppData\Local\Programs\Python\Python313\Lib\site-packages\wtforms\fields\core.py", line 234, in validate
    stop_validation = self._run_validation_chain(form, chain)
  File "C:\Users\choua\AppData\Local\Programs\Python\Python313\Lib\site-packages\wtforms\fields\core.py", line 254, in _run_validation_chain
    validator(form, self)
    ~~~~~~~~~^^^^^^^^^^^^
  File "C:\Users\choua\AppData\Local\Programs\Python\Python313\Lib\site-packages\wtforms\validators.py", line 403, in __call__
    raise Exception(
        "Install 'email_validator' for email validation support."
    ) from exc
Exception: Install 'email_validator' for email validation support.
2025-11-12 19:09:15,496 INFO werkzeug 127.0.0.1 - - [12/Nov/2025 19:09:15] "[35m[1mPOST /contact HTTP/1.1[0m" 500 -
2025-11-12 19:16:44,376 INFO werkzeug [31m[1mWARNING: This is a development server. Do not use it in a production deployment. Use a production WSGI server instead.[0m
 * Running on all addresses (0.0.0.0)
 * Running on http://127.0.0.1:5000
 * Running on http://10.158.69.186:5000
2025-11-12 19:16:44,399 INFO werkzeug [33mPress CTRL+C to quit[0m
2025-11-12 19:17:32,577 INFO werkzeug 127.0.0.1 - - [12/Nov/2025 19:17:32] "GET / HTTP/1.1" 200 -
2025-11-12 19:17:33,256 INFO werkzeug 127.0.0.1 - - [12/Nov/2025 19:17:33] "GET /static/images/profile.jpg HTTP/1.1" 200 -
2025-11-12 19:17:33,308 INFO werkzeug 127.0.0.1 - - [12/Nov/2025 19:17:33] "[33mGET /favicon.ico HTTP/1.1[0m" 404 -
2025-11-12 19:17:53,164 INFO werkzeug 127.0.0.1 - - [12/Nov/2025 19:17:53] "POST /contact HTTP/1.1" 200 -
2025-11-12 19:25:49,956 INFO werkzeug 127.0.0.1 - - [12/Nov/2025 19:25:49] "[33mGET /test-email HTTP/1.1[0m" 404 -
2025-11-12 19:26:24,540 INFO werkzeug 127.0.0.1 - - [12/Nov/2025 19:26:24] "[33mGET /favicon.ico HTTP/1.1[0m" 404 -
2025-11-12 19:26:47,039 INFO werkzeug 127.0.0.1 - - [12/Nov/2025 19:26:47] "GET / HTTP/1.1" 200 -
2025-11-12 19:26:49,157 INFO werkzeug 127.0.0.1 - - [12/Nov/2025 19:26:49] "GET /static/images/profile.jpg HTTP/1.1" 200 -
2025-11-12 19:26:51,751 INFO werkzeug 127.0.0.1 - - [12/Nov/2025 19:26:51] "[33mGET /favicon.ico HTTP/1.1[0m" 404 -
2025-11-13 06:48:13,818 INFO werkzeug 127.0.0.1 - - [13/Nov/2025 06:48:13] "GET / HTTP/1.1" 200 -
2025-11-13 06:48:20,464 INFO werkzeug 127.0.0.1 - - [13/Nov/2025 06:48:20] "GET /static/images/profile.jpg HTTP/1.1" 200 -
2025-11-13 06:48:23,201 INFO werkzeug 127.0.0.1 - - [13/Nov/2025 06:48:23] "[33mGET /favicon.ico HTTP/1.1[0m" 404 -
2025-11-13 06:49:03,888 INFO werkzeug 127.0.0.1 - - [13/Nov/2025 06:49:03] "POST /contact HTTP/1.1" 200 -
2025-11-15 10:55:04,215 INFO werkzeug 127.0.0.1 - - [15/Nov/2025 10:55:04] "GET / HTTP/1.1" 200 -
2025-11-15 10:55:13,423 INFO werkzeug 127.0.0.1 - - [15/Nov/2025 10:55:13] "[33mGET /favicon.ico HTTP/1.1[0m" 404 -
2025-11-15 10:55:13,858 INFO werkzeug 127.0.0.1 - - [15/Nov/2025 10:55:13] "GET /static/images/profile.jpg HTTP/1.1" 200 -
2025-11-15 10:55:42,414 INFO werkzeug 127.0.0.1 - - [15/Nov/2025 10:55:42] "GET / HTTP/1.1" 200 -
2025-11-15 10:55:42,680 INFO werkzeug 127.0.0.1 - - [15/Nov/2025 10:55:42] "GET /static/images/profile.jpg HTTP/1.1" 200 -
2025-11-15 10:55:43,002 INFO werkzeug 127.0.0.1 - - [15/Nov/2025 10:55:43] "[33mGET /favicon.ico HTTP/1.1[0m" 404 -
2025-11-15 11:00:57,817 INFO werkzeug 127.0.0.1 - - [15/Nov/2025 11:00:57] "GET / HTTP/1.1" 200 -
2025-11-15 11:00:58,688 INFO werkzeug 127.0.0.1 - - [15/Nov/2025 11:00:58] "GET /static/images/profile.jpg HTTP/1.1" 200 -
2025-11-15 11:00:58,923 INFO werkzeug 127.0.0.1 - - [15/Nov/2025 11:00:58] "[33mGET /favicon.ico HTTP/1.1[0m" 404 -
2025-11-15 11:04:53,916 INFO: [31m[1mWARNING: This is a development server. Do not use it in a production deployment. Use a production WSGI server instead.[0m
 * Running on all addresses (0.0.0.0)
 * Running on http://127.0.0.1:5000
 * Running on http://10.44.55.186:5000
2025-11-15 11:04:53,935 INFO: [33mPress CTRL+C to quit[0m
2025-11-15 11:05:21,056 INFO: 127.0.0.1 - - [15/Nov/2025 11:05:21] "GET / HTTP/1.1" 200 -
2025-11-15 11:05:23,162 INFO: 127.0.0.1 - - [15/Nov/2025 11:05:23] "GET /static/images/profile.jpg HTTP/1.1" 200 -
2025-11-15 11:05:27,773 INFO: 127.0.0.1 - - [15/Nov/2025 11:05:27] "[33mGET /favicon.ico HTTP/1.1[0m" 404 -
2025-11-15 11:29:22,142 INFO: 127.0.0.1 - - [15/Nov/2025 11:29:21] "GET / HTTP/1.1" 200 -
2025-11-15 11:29:31,401 INFO: 127.0.0.1 - - [15/Nov/2025 11:29:31] "GET /static/images/profile.jpg HTTP/1.1" 200 -
2025-11-15 11:29:36,984 INFO: 127.0.0.1 - - [15/Nov/2025 11:29:36] "[33mGET /favicon.ico HTTP/1.1[0m" 404 -
2025-11-15 11:32:09,570 INFO: [31m[1mWARNING: This is a development server. Do not use it in a production deployment. Use a production WSGI server instead.[0m
 * Running on all addresses (0.0.0.0)
 * Running on http://127.0.0.1:5000
 * Running on http://10.44.55.186:5000
2025-11-15 11:32:09,604 INFO: [33mPress CTRL+C to quit[0m
2025-11-15 11:34:53,844 INFO: 127.0.0.1 - - [15/Nov/2025 11:34:53] "GET / HTTP/1.1" 200 -
2025-11-15 11:34:55,902 INFO: 127.0.0.1 - - [15/Nov/2025 11:34:55] "[33mGET /favicon.ico HTTP/1.1[0m" 404 -
2025-11-15 11:36:56,851 INFO: 127.0.0.1 - - [15/Nov/2025 11:36:56] "GET / HTTP/1.1" 200 -
2025-11-15 11:36:58,632 INFO: 127.0.0.1 - - [15/Nov/2025 11:36:58] "[33mGET /favicon.ico HTTP/1.1[0m" 404 -
2025-11-15 11:39:11,065 INFO: [31m[1mWARNING: This is a development server. Do not use it in a production deployment. Use a production WSGI server instead.[0m
 * Running on all addresses (0.0.0.0)
 * Running on http://127.0.0.1:5000
 * Running on http://10.44.55.186:5000
2025-11-15 11:39:11,069 INFO: [33mPress CTRL+C to quit[0m
2025-11-15 11:39:44,278 INFO: 127.0.0.1 - - [15/Nov/2025 11:39:44] "GET / HTTP/1.1" 200 -
2025-11-15 11:39:46,405 INFO: 127.0.0.1 - - [15/Nov/2025 11:39:46] "GET /static/images/profile.jpg HTTP/1.1" 200 -
2025-11-15 11:39:46,622 INFO: 127.0.0.1 - - [15/Nov/2025 11:39:46] "[33mGET /favicon.ico HTTP/1.1[0m" 404 -
2025-11-15 11:53:04,001 INFO: [31m[1mWARNING: This is a development server. Do not use it in a production deployment. Use a production WSGI server instead.[0m
 * Running on all addresses (0.0.0.0)
 * Running on http://127.0.0.1:5000
 * Running on http://10.44.55.186:5000
2025-11-15 11:53:04,006 INFO: [33mPress CTRL+C to quit[0m
2025-11-15 11:53:26,214 INFO: 127.0.0.1 - - [15/Nov/2025 11:53:26] "GET / HTTP/1.1" 200 -
2025-11-15 11:53:32,973 INFO: 127.0.0.1 - - [15/Nov/2025 11:53:32] "[33mGET /favicon.ico HTTP/1.1[0m" 404 -
2025-11-15 12:00:01,249 INFO: 127.0.0.1 - - [15/Nov/2025 12:00:01] "GET / HTTP/1.1" 200 -
2025-11-15 12:00:10,344 INFO: 127.0.0.1 - - [15/Nov/2025 12:00:10] "[33mGET /favicon.ico HTTP/1.1[0m" 404 -
2025-11-15 12:01:02,590 INFO: 127.0.0.1 - - [15/Nov/2025 12:01:02] "GET / HTTP/1.1" 200 -
2025-11-15 15:09:19,550 INFO: 127.0.0.1 - - [15/Nov/2025 15:09:19] "GET / HTTP/1.1" 200 -
2025-11-15 15:10:48,139 INFO: [31m[1mWARNING: This is a development server. Do not use it in a production deployment. Use a production WSGI server instead.[0m
 * Running on all addresses (0.0.0.0)
 * Running on http://127.0.0.1:5000
 * Running on http://10.44.55.186:5000
2025-11-15 15:10:48,148 INFO: [33mPress CTRL+C to quit[0m
2025-11-15 15:10:51,517 INFO: 127.0.0.1 - - [15/Nov/2025 15:10:51] "GET / HTTP/1.1" 200 -
2025-11-15 15:10:52,511 INFO: 127.0.0.1 - - [15/Nov/2025 15:10:52] "GET /static/images/profile.jpg HTTP/1.1" 200 -
2025-11-15 15:32:31,854 INFO: 127.0.0.1 - - [15/Nov/2025 15:32:31] "GET / HTTP/1.1" 200 -
2025-11-15 15:32:32,408 INFO: 127.0.0.1 - - [15/Nov/2025 15:32:32] "[36mGET /static/images/profile.jpg HTTP/1.1[0m" 304 -
2025-11-15 15:34:16,897 INFO: 127.0.0.1 - - [15/Nov/2025 15:34:16] "GET / HTTP/1.1" 200 -
2025-11-15 15:34:17,049 INFO: 127.0.0.1 - - [15/Nov/2025 15:34:17] "[36mGET /static/images/profile.jpg HTTP/1.1[0m" 304 -
2025-11-15 15:34:54,490 INFO: [31m[1mWARNING: This is a development server. Do not use it in a production deployment. Use a production WSGI server instead.[0m
 * Running on all addresses (0.0.0.0)
 * Running on http://127.0.0.1:5000
 * Running on http://10.44.55.186:5000
2025-11-15 15:34:54,494 INFO: [33mPress CTRL+C to quit[0m
2025-11-15 15:35:00,865 INFO: 127.0.0.1 - - [15/Nov/2025 15:35:00] "GET / HTTP/1.1" 200 -
2025-11-15 15:35:01,644 INFO: 127.0.0.1 - - [15/Nov/2025 15:35:01] "[36mGET /static/images/profile.jpg HTTP/1.1[0m" 304 -
2025-11-15 15:39:53,744 INFO: 127.0.0.1 - - [15/Nov/2025 15:39:53] "GET / HTTP/1.1" 200 -
2025-11-15 15:39:54,012 INFO: 127.0.0.1 - - [15/Nov/2025 15:39:54] "[36mGET /static/images/profile.jpg HTTP/1.1[0m" 304 -
2025-11-15 16:05:46,707 INFO: 127.0.0.1 - - [15/Nov/2025 16:05:46] "GET / HTTP/1.1" 200 -
2025-11-15 16:05:48,710 INFO: 127.0.0.1 - - [15/Nov/2025 16:05:48] "GET /static/images/profile.jpg HTTP/1.1" 200 -
2025-11-15 16:06:08,123 INFO: 127.0.0.1 - - [15/Nov/2025 16:06:08] "[33mGET /favicon.ico HTTP/1.1[0m" 404 -
2025-11-15 16:08:56,624 INFO: [31m[1mWARNING: This is a development server. Do not use it in a production deployment. Use a production WSGI server instead.[0m
 * Running on all addresses (0.0.0.0)
 * Running on http://127.0.0.1:5000
 * Running on http://10.44.55.186:5000
2025-11-15 16:08:56,628 INFO: [33mPress CTRL+C to quit[0m
2025-11-15 16:09:38,897 INFO: 127.0.0.1 - - [15/Nov/2025 16:09:38] "GET / HTTP/1.1" 200 -
2025-11-15 16:09:43,936 INFO: 127.0.0.1 - - [15/Nov/2025 16:09:43] "GET /static/images/profile.jpg HTTP/1.1" 200 -
2025-11-15 16:09:45,248 INFO: 127.0.0.1 - - [15/Nov/2025 16:09:45] "[33mGET /favicon.ico HTTP/1.1[0m" 404 -
2025-11-15 18:29:47,304 INFO: 127.0.0.1 - - [15/Nov/2025 18:29:47] "GET / HTTP/1.1" 200 -
2025-11-15 18:29:48,627 INFO: 127.0.0.1 - - [15/Nov/2025 18:29:48] "GET /static/images/profile.jpg HTTP/1.1" 200 -
2025-11-15 18:29:49,546 INFO: 127.0.0.1 - - [15/Nov/2025 18:29:49] "[33mGET /favicon.ico HTTP/1.1[0m" 404 -
2025-11-15 18:31:04,686 INFO: [31m[1mWARNING: This is a development server. Do not use it in a production deployment. Use a production WSGI server instead.[0m
 * Running on all addresses (0.0.0.0)
 * Running on http://127.0.0.1:5000
 * Running on http://10.44.55.186:5000
2025-11-15 18:31:04,689 INFO: [33mPress CTRL+C to quit[0m
2025-11-15 18:31:20,639 INFO: 127.0.0.1 - - [15/Nov/2025 18:31:20] "GET / HTTP/1.1" 200 -
2025-11-15 18:31:22,214 INFO: 127.0.0.1 - - [15/Nov/2025 18:31:22] "GET /static/images/profile.jpg HTTP/1.1" 200 -
2025-11-15 18:31:22,381 INFO: 127.0.0.1 - - [15/Nov/2025 18:31:22] "[33mGET /favicon.ico HTTP/1.1[0m" 404 -
2025-11-15 18:39:59,513 INFO: 127.0.0.1 - - [15/Nov/2025 18:39:59] "GET / HTTP/1.1" 200 -
2025-11-15 18:39:59,848 INFO: 127.0.0.1 - - [15/Nov/2025 18:39:59] "GET /static/images/profile.jpg HTTP/1.1" 200 -
2025-11-15 18:40:00,440 INFO: 127.0.0.1 - - [15/Nov/2025 18:40:00] "[33mGET /favicon.ico HTTP/1.1[0m" 404 -
2025-11-15 18:40:14,900 INFO: 127.0.0.1 - - [15/Nov/2025 18:40:14] "GET / HTTP/1.1" 200 -
2025-11-15 18:40:15,181 INFO: 127.0.0.1 - - [15/Nov/2025 18:40:15] "GET /static/images/profile.jpg HTTP/1.1" 200 -
2025-11-15 18:40:15,475 INFO: 127.0.0.1 - - [15/Nov/2025 18:40:15] "[33mGET /favicon.ico HTTP/1.1[0m" 404 -
2025-11-15 18:40:19,896 INFO: 127.0.0.1 - - [15/Nov/2025 18:40:19] "GET / HTTP/1.1" 200 -
2025-11-15 18:40:20,101 INFO: 127.0.0.1 - - [15/Nov/2025 18:40:20] "GET /static/images/profile.jpg HTTP/1.1" 200 -
2025-11-15 18:40:20,379 INFO: 127.0.0.1 - - [15/Nov/2025 18:40:20] "[33mGET /favicon.ico HTTP/1.1[0m" 404 -
2025-11-15 18:58:24,631 INFO: [31m[1mWARNING: This is a development server. Do not use it in a production deployment. Use a production WSGI server instead.[0m
 * Running on all addresses (0.0.0.0)
 * Running on http://127.0.0.1:5000
 * Running on http://10.44.55.186:5000
2025-11-15 18:58:24,654 INFO: [33mPress CTRL+C to quit[0m
2025-11-15 18:58:58,582 INFO: 127.0.0.1 - - [15/Nov/2025 18:58:58] "GET / HTTP/1.1" 200 -
2025-11-15 18:58:59,407 INFO: 127.0.0.1 - - [15/Nov/2025 18:58:59] "GET /static/images/profile.jpg HTTP/1.1" 200 -
2025-11-15 18:59:01,476 INFO: 127.0.0.1 - - [15/Nov/2025 18:59:01] "[33mGET /favicon.ico HTTP/1.1[0m" 404 -
